<?xml version="1.0" encoding="utf-8"?><testsuites name="pytest tests"><testsuite name="pytest" errors="0" failures="0" skipped="0" tests="5" time="9.750" timestamp="2026-07-03T17:39:10.649948+00:00" hostname="agent-env-58a09822-3462-43c5-9547-dad93b6973a6"><testcase classname="backend.tests.test_iteration16.TestCircuitPDFNotesFix" name="test_parse_text_with_customer_and_cep_resolves_latlon" time="0.652" /><testcase classname="backend.tests.test_iteration16.TestServerHasNotesExtraFix" name="test_parse_pdf_appends_notes_extra" time="0.000" /><testcase classname="backend.tests.test_iteration16.TestOptimizeRegression" name="test_optimize_five_sp_stops" time="8.450" /><testcase classname="backend.tests.test_iteration16.TestGeocodeBatchRegression" name="test_geocode_batch_three_sp" time="0.466" /><testcase classname="backend.tests.test_iteration16.TestAuthMeRegression" name="test_auth_me_no_token_returns_401" time="0.105" /></testsuite></testsuites>