<?xml version="1.0" encoding="utf-8"?><testsuites name="pytest tests"><testsuite name="pytest" errors="0" failures="0" skipped="0" tests="5" time="10.080" timestamp="2026-07-03T03:47:46.378148+00:00" hostname="agent-env-58a09822-3462-43c5-9547-dad93b6973a6"><testcase classname="backend.tests.test_iteration13_retest" name="test_parse_text_strips_at_code_and_name_from_endereco" time="1.511" /><testcase classname="backend.tests.test_iteration13_retest" name="test_static_at_pattern_uses_10_to_14_range" time="0.001" /><testcase classname="backend.tests.test_iteration13_retest" name="test_optimize_5_sp_stops_regression" time="8.092" /><testcase classname="backend.tests.test_iteration13_retest" name="test_geocode_batch_google_provider" time="0.366" /><testcase classname="backend.tests.test_iteration13_retest" name="test_auth_me_no_token_401" time="0.041" /></testsuite></testsuites>