<?xml version="1.0" encoding="utf-8"?><testsuites name="pytest tests"><testsuite name="pytest" errors="0" failures="0" skipped="0" tests="4" time="8.658" timestamp="2026-07-04T10:53:04.517156+00:00" hostname="agent-env-58a09822-3462-43c5-9547-dad93b6973a6"><testcase classname="backend.tests.test_iteration18.TestParseFileFallbackStrip" name="test_csv_single_line_at_and_customer_stripped" time="0.173" /><testcase classname="backend.tests.test_iteration18.TestParseFileFallbackStrip" name="test_txt_fallback_multiple_lines" time="0.131" /><testcase classname="backend.tests.test_iteration18.TestOptimizeLargeRoute" name="test_optimize_30_stops_ortools" time="8.180" /><testcase classname="backend.tests.test_iteration18.TestHealth" name="test_auth_me_requires_token" time="0.108" /></testsuite></testsuites>