<?xml version="1.0" encoding="utf-8"?><testsuites name="pytest tests"><testsuite name="pytest" errors="0" failures="0" skipped="0" tests="4" time="9.455" timestamp="2026-07-03T11:05:37.541013+00:00" hostname="agent-env-58a09822-3462-43c5-9547-dad93b6973a6"><testcase classname="tests.test_iteration15" name="test_parse_text_circuit_rows_regression" time="0.919" /><testcase classname="tests.test_iteration15" name="test_parse_text_cliente_per_row" time="0.326" /><testcase classname="tests.test_iteration15" name="test_optimize_5_sp_stops_ortools_haversine" time="8.107" /><testcase classname="tests.test_iteration15" name="test_auth_me_no_token_returns_401_missing_token" time="0.043" /></testsuite></testsuites>