<?xml version="1.0" encoding="utf-8"?><testsuites name="pytest tests"><testsuite name="pytest" errors="0" failures="0" skipped="0" tests="10" time="2.287" timestamp="2026-07-01T18:17:17.264001+00:00" hostname="agent-env-58a09822-3462-43c5-9547-dad93b6973a6"><testcase classname="backend.tests.test_geocode_overhaul_iteration8.TestGeocodeGoogleFiveAddresses" name="test_all_five_geocoded_via_google" time="0.612" /><testcase classname="backend.tests.test_geocode_overhaul_iteration8.TestApproximateRejection" name="test_country_query_not_from_google" time="0.434" /><testcase classname="backend.tests.test_geocode_overhaul_iteration8.TestBatchConcurrency" name="test_ten_addresses_latency_under_4s" time="0.642" /><testcase classname="backend.tests.test_geocode_overhaul_iteration8.TestExpandAbbrevStatic" name="test_expand_defined" time="0.001" /><testcase classname="backend.tests.test_geocode_overhaul_iteration8.TestExpandAbbrevStatic" name="test_called_from_clean_address_before_city_append" time="0.000" /><testcase classname="backend.tests.test_geocode_overhaul_iteration8.TestExpandAbbrevStatic" name="test_all_required_substitutions_present" time="0.000" /><testcase classname="backend.tests.test_geocode_overhaul_iteration8.TestPipelineOrder" name="test_order_google_mapbox_nominatim_photon" time="0.000" /><testcase classname="backend.tests.test_geocode_overhaul_iteration8.TestSemaphoreAndSleep" name="test_semaphore_five" time="0.000" /><testcase classname="backend.tests.test_geocode_overhaul_iteration8.TestOptimizeRegression" name="test_optimize_four_sp_stops" time="0.375" /><testcase classname="backend.tests.test_geocode_overhaul_iteration8.TestParseFileRegression" name="test_missing_file_returns_422" time="0.138" /></testsuite></testsuites>