<?xml version="1.0" encoding="utf-8"?><testsuites name="pytest tests"><testsuite name="pytest" errors="0" failures="0" skipped="0" tests="3" time="8.952" timestamp="2026-07-03T10:42:18.297031+00:00" hostname="agent-env-58a09822-3462-43c5-9547-dad93b6973a6"><testcase classname="backend.tests.test_iteration14" name="test_optimize_5_sp_stops_ortools_haversine" time="8.260" /><testcase classname="backend.tests.test_iteration14" name="test_parse_text_circuit_rows" time="0.576" /><testcase classname="backend.tests.test_iteration14" name="test_auth_me_no_token_returns_401_missing_token" time="0.054" /></testsuite></testsuites>