<?xml version="1.0" encoding="utf-8"?><testsuites name="pytest tests"><testsuite name="pytest" errors="0" failures="0" skipped="0" tests="10" time="1.872" timestamp="2026-07-01T02:31:45.860431+00:00" hostname="agent-env-58a09822-3462-43c5-9547-dad93b6973a6"><testcase classname="backend.tests.test_optimize_google_iteration6.TestOptimizeGoogleWithCoords" name="test_direct_endpoint_returns_google_metrics" time="0.502" /><testcase classname="backend.tests.test_optimize_google_iteration6.TestOptimizeGoogleWithCoords" name="test_three_stops_minimum" time="0.153" /><testcase classname="backend.tests.test_optimize_google_iteration6.TestOptimizeGoogleGeocoding" name="test_geocodes_when_latlon_missing" time="0.517" /><testcase classname="backend.tests.test_optimize_google_iteration6.TestOptimizeMain" name="test_metrics_come_from_google_when_available" time="0.142" /><testcase classname="backend.tests.test_optimize_google_iteration6.TestOptimizeMain" name="test_never_500s_even_with_edge_inputs" time="0.046" /><testcase classname="backend.tests.test_optimize_google_iteration6.TestOptimizeMain" name="test_single_pending_stop" time="0.048" /><testcase classname="backend.tests.test_optimize_google_iteration6.TestOptimizePreservesDone" name="test_done_stops_stay_at_front" time="0.157" /><testcase classname="backend.tests.test_optimize_google_iteration6.TestAuthMeRegression" name="test_without_token_returns_401" time="0.065" /><testcase classname="backend.tests.test_optimize_google_iteration6.TestAuthMeRegression" name="test_with_bogus_token_returns_401" time="0.051" /><testcase classname="backend.tests.test_optimize_google_iteration6.TestParseFileRegression" name="test_parse_txt_returns_stops" time="0.110" /></testsuite></testsuites>