<?xml version="1.0" encoding="utf-8"?><testsuites name="pytest tests"><testsuite name="pytest" errors="0" failures="0" skipped="0" tests="9" time="25.881" timestamp="2026-07-03T02:55:57.254948+00:00" hostname="agent-env-58a09822-3462-43c5-9547-dad93b6973a6"><testcase classname="backend.tests.test_iteration10.TestOptimize87Stops" name="test_87_stops_ortools_under_100km" time="8.357" /><testcase classname="backend.tests.test_iteration10.TestOptimize5Stops" name="test_5_stops_uses_ortools" time="8.048" /><testcase classname="backend.tests.test_iteration10.TestOptimize2Stops" name="test_2_stops_below_threshold" time="0.231" /><testcase classname="backend.tests.test_iteration10.TestOptimize0Pending" name="test_all_done_returns_unchanged" time="0.043" /><testcase classname="backend.tests.test_iteration10.TestOptimizeMixed" name="test_done_stays_at_head_pending_reordered" time="8.075" /><testcase classname="backend.tests.test_iteration10.TestGeocodeBatch" name="test_batch_3_sp_addresses" time="0.344" /><testcase classname="backend.tests.test_iteration10.TestParseText" name="test_inline_coords_cep_and_null" time="0.485" /><testcase classname="backend.tests.test_iteration10.TestAuthMe" name="test_missing_token_401" time="0.043" /><testcase classname="backend.tests.test_iteration10.TestParseFileMissing" name="test_parse_file_no_file_422" time="0.172" /></testsuite></testsuites>