<?xml version="1.0" encoding="utf-8"?><testsuites name="pytest tests"><testsuite name="pytest" errors="0" failures="0" skipped="0" tests="8" time="10.630" timestamp="2026-07-03T21:13:00.640529+00:00" hostname="agent-env-58a09822-3462-43c5-9547-dad93b6973a6"><testcase classname="backend.tests.test_iteration17" name="test_static_scanner_code_match_no_entregue" time="0.006" /><testcase classname="backend.tests.test_iteration17" name="test_static_confirm_fallback_no_entregue" time="0.000" /><testcase classname="backend.tests.test_iteration17" name="test_static_modal_confirm_label_is_ok" time="0.000" /><testcase classname="backend.tests.test_iteration17" name="test_static_modal_actions_order_cancel_then_confirm" time="0.000" /><testcase classname="backend.tests.test_iteration17" name="test_optimize_5_sp_stops" time="9.779" /><testcase classname="backend.tests.test_iteration17" name="test_parse_text_iteration12_payload" time="0.528" /><testcase classname="backend.tests.test_iteration17" name="test_parse_file_missing_returns_422" time="0.142" /><testcase classname="backend.tests.test_iteration17" name="test_auth_me_missing_token_returns_401" time="0.102" /></testsuite></testsuites>