<?xml version="1.0" encoding="utf-8"?><testsuites name="pytest tests"><testsuite name="pytest" errors="0" failures="0" skipped="0" tests="19" time="3.050" timestamp="2026-07-02T17:58:48.449133+00:00" hostname="agent-env-58a09822-3462-43c5-9547-dad93b6973a6"><testcase classname="tests.test_iteration9.TestAdminRejectionStatic" name="test_is_admin_place_reject_defined" time="0.001" /><testcase classname="tests.test_iteration9.TestAdminRejectionStatic" name="test_admin_reject_used_in_try_nominatim" time="0.000" /><testcase classname="tests.test_iteration9.TestAdminRejectionStatic" name="test_admin_reject_used_in_geocode_photon" time="0.000" /><testcase classname="tests.test_iteration9.TestAdminRejectionUnit" name="test_reject_city" time="0.597" /><testcase classname="tests.test_iteration9.TestAdminRejectionUnit" name="test_reject_state" time="0.000" /><testcase classname="tests.test_iteration9.TestAdminRejectionUnit" name="test_reject_country" time="0.000" /><testcase classname="tests.test_iteration9.TestAdminRejectionUnit" name="test_reject_boundary_class" time="0.000" /><testcase classname="tests.test_iteration9.TestAdminRejectionUnit" name="test_accept_street" time="0.000" /><testcase classname="tests.test_iteration9.TestAdminRejectionAPI" name="test_admin_only_batch" time="1.010" /><testcase classname="tests.test_iteration9.TestInlineCoordParsing" name="test_parse_text_inline_coords_and_cep" time="0.609" /><testcase classname="tests.test_iteration9.TestInlineCoordParsing" name="test_parse_text_bounds_guard" time="0.067" /><testcase classname="tests.test_iteration9.TestGoogleTextSearchFallback" name="test_function_defined" time="0.000" /><testcase classname="tests.test_iteration9.TestGoogleTextSearchFallback" name="test_uses_text_search_endpoint" time="0.000" /><testcase classname="tests.test_iteration9.TestGoogleTextSearchFallback" name="test_prefers_street_types" time="0.000" /><testcase classname="tests.test_iteration9.TestGoogleTextSearchFallback" name="test_live_call_google_places" time="0.241" /><testcase classname="tests.test_iteration9.TestPipelineOrder" name="test_pipeline_order_google_then_places_then_mapbox_then_nominatim_then_photon" time="0.001" /><testcase classname="tests.test_iteration9.TestRegressions" name="test_optimize_returns_metrics" time="0.289" /><testcase classname="tests.test_iteration9.TestRegressions" name="test_parse_file_missing_file_returns_422" time="0.068" /><testcase classname="tests.test_iteration9.TestRegressions" name="test_auth_me_missing_token_401" time="0.065" /></testsuite></testsuites>