<?xml version="1.0" encoding="utf-8"?><testsuites name="pytest tests"><testsuite name="pytest" errors="0" failures="0" skipped="0" tests="17" time="2.148" timestamp="2026-06-26T13:26:44.300808+00:00" hostname="agent-env-58a09822-3462-43c5-9547-dad93b6973a6"><testcase classname="backend.tests.test_auth_iteration5.TestSourceHygiene" name="test_auth_routes_has_no_hardcoded_emergent_url" time="0.000" /><testcase classname="backend.tests.test_auth_iteration5.TestSourceHygiene" name="test_auth_routes_reads_url_from_env_without_fallback" time="0.000" /><testcase classname="backend.tests.test_auth_iteration5.TestSourceHygiene" name="test_backend_env_has_emergent_auth_session_url" time="0.000" /><testcase classname="backend.tests.test_auth_iteration5.TestGoogleSessionFaults" name="test_empty_body_returns_422_missing_session_id" time="0.315" /><testcase classname="backend.tests.test_auth_iteration5.TestGoogleSessionFaults" name="test_invalid_session_id_returns_401_invalid_session_id" time="0.675" /><testcase classname="backend.tests.test_auth_iteration5.TestGoogleSessionFaults" name="test_legacy_session_token_alias_still_works" time="0.189" /><testcase classname="backend.tests.test_auth_iteration5.TestAuthMeAndLogout" name="test_me_without_header_returns_401" time="0.045" /><testcase classname="backend.tests.test_auth_iteration5.TestAuthMeAndLogout" name="test_me_with_bogus_bearer_returns_401" time="0.139" /><testcase classname="backend.tests.test_auth_iteration5.TestAuthMeAndLogout" name="test_logout_no_auth_returns_200" time="0.124" /><testcase classname="backend.tests.test_auth_iteration5.TestAuthMeAndLogout" name="test_logout_bogus_bearer_returns_200" time="0.103" /><testcase classname="backend.tests.test_auth_iteration5.TestMongoInvariants" name="test_no_user_has_is_blocked_device_true" time="0.074" /><testcase classname="backend.tests.test_auth_iteration5.TestMongoInvariants" name="test_users_collection_accessible" time="0.001" /><testcase classname="backend.tests.test_auth_iteration5.TestExistingEndpointsRegression" name="test_health" time="0.048" /><testcase classname="backend.tests.test_auth_iteration5.TestExistingEndpointsRegression" name="test_root" time="0.053" /><testcase classname="backend.tests.test_auth_iteration5.TestExistingEndpointsRegression" name="test_subscription_unknown_user" time="0.060" /><testcase classname="backend.tests.test_auth_iteration5.TestExistingEndpointsRegression" name="test_admin_login_wrong_creds" time="0.109" /><testcase classname="backend.tests.test_auth_iteration5.TestExistingEndpointsRegression" name="test_parse_file_csv" time="0.134" /></testsuite></testsuites>