<?xml version="1.0" encoding="utf-8"?><testsuites name="pytest tests"><testsuite name="pytest" errors="0" failures="0" skipped="0" tests="2" time="1.431" timestamp="2026-07-01T17:43:53.905031+00:00" hostname="agent-env-58a09822-3462-43c5-9547-dad93b6973a6"><testcase classname="backend.tests.test_geocode_batch_iteration7.TestGeocodeBatch" name="test_geocode_batch_two_addresses" time="1.226" /><testcase classname="backend.tests.test_geocode_batch_iteration7.TestGeocodeBatch" name="test_geocode_batch_empty" time="0.139" /></testsuite></testsuites>