<?xml version="1.0" encoding="utf-8"?><testsuites name="pytest tests"><testsuite name="pytest" errors="0" failures="2" skipped="0" tests="9" time="9.894" timestamp="2026-07-03T03:43:37.045894+00:00" hostname="agent-env-58a09822-3462-43c5-9547-dad93b6973a6"><testcase classname="backend.tests.test_iteration12" name="test_stop_model_has_cliente_and_codigo_at" time="0.001" /><testcase classname="backend.tests.test_iteration12" name="test_parse_text_space_separated_extracts_cliente_and_at" time="0.861"><failure message="AssertionError: AT still in endereco: Avenida Prf Edgar Santos, 514, Ap 1106 T1 03560-080 MILTON AMARAL PEREIRA AT202607036QXO9, São Paulo, SP&#10;assert 'AT2026' not in 'Avenida Prf...ão Paulo, SP'&#10;  &#10;  'AT2026' is contained here:&#10;    Avenida Prf Edgar Santos, 514, Ap 1106 T1 03560-080 MILTON AMARAL PEREIRA AT202607036QXO9, São Paulo, SP&#10;  ?                                                                           ++++++">backend/tests/test_iteration12.py:64: in test_parse_text_space_separated_extracts_cliente_and_at
    assert "AT2026" not in s["endereco"], f"AT still in endereco: {s['endereco']}"
E   AssertionError: AT still in endereco: Avenida Prf Edgar Santos, 514, Ap 1106 T1 03560-080 MILTON AMARAL PEREIRA AT202607036QXO9, São Paulo, SP
E   assert 'AT2026' not in 'Avenida Prf...ão Paulo, SP'
E     
E     'AT2026' is contained here:
E       Avenida Prf Edgar Santos, 514, Ap 1106 T1 03560-080 MILTON AMARAL PEREIRA AT202607036QXO9, São Paulo, SP
E     ?                                                                           ++++++</failure></testcase><testcase classname="backend.tests.test_iteration12" name="test_parse_text_semicolon_separated" time="0.339" /><testcase classname="backend.tests.test_iteration12" name="test_parse_text_no_cliente_no_at" time="0.081" /><testcase classname="backend.tests.test_iteration12" name="test_optimize_87_sp_stops_regression" time="8.106"><failure message="AssertionError: expected &lt; 100 km, got 160.49&#10;assert 160.49 &lt; 100">backend/tests/test_iteration12.py:134: in test_optimize_87_sp_stops_regression
    assert total_km &lt; 100, f"expected &lt; 100 km, got {total_km}"
E   AssertionError: expected &lt; 100 km, got 160.49
E   assert 160.49 &lt; 100</failure></testcase><testcase classname="backend.tests.test_iteration12" name="test_geocode_batch_google_provider" time="0.326" /><testcase classname="backend.tests.test_iteration12" name="test_auth_me_no_token_returns_401" time="0.079" /><testcase classname="backend.tests.test_iteration12" name="test_frontend_stop_type_has_cliente_and_codigo_at" time="0.000" /><testcase classname="backend.tests.test_iteration12" name="test_use_stop_notification_composes_body_in_correct_order" time="0.000" /></testsuite></testsuites>