<?xml version="1.0" encoding="utf-8"?><testsuites name="pytest tests"><testsuite name="pytest" errors="0" failures="0" skipped="0" tests="19" time="1.795" timestamp="2026-06-23T23:11:30.744982+00:00" hostname="agent-env-58a09822-3462-43c5-9547-dad93b6973a6"><testcase classname="backend.tests.test_auth_iteration3.TestGoogleSessionFaults" name="test_missing_session_token_returns_422" time="0.315" /><testcase classname="backend.tests.test_auth_iteration3.TestGoogleSessionFaults" name="test_short_session_token_returns_422" time="0.045" /><testcase classname="backend.tests.test_auth_iteration3.TestGoogleSessionFaults" name="test_invalid_session_token_returns_401" time="0.154" /><testcase classname="backend.tests.test_auth_iteration3.TestAuthMe" name="test_me_without_header_returns_401" time="0.046" /><testcase classname="backend.tests.test_auth_iteration3.TestAuthMe" name="test_me_with_non_bearer_header_returns_401" time="0.133" /><testcase classname="backend.tests.test_auth_iteration3.TestAuthMe" name="test_me_with_empty_bearer_returns_401" time="0.156" /><testcase classname="backend.tests.test_auth_iteration3.TestAuthMe" name="test_me_with_bogus_bearer_returns_401" time="0.104" /><testcase classname="backend.tests.test_auth_iteration3.TestAuthLogout" name="test_logout_no_auth_returns_200" time="0.047" /><testcase classname="backend.tests.test_auth_iteration3.TestAuthLogout" name="test_logout_bogus_bearer_returns_200" time="0.099" /><testcase classname="backend.tests.test_auth_iteration3.TestMongoIndexes" name="test_users_email_unique" time="0.180" /><testcase classname="backend.tests.test_auth_iteration3.TestMongoIndexes" name="test_users_user_id_unique" time="0.001" /><testcase classname="backend.tests.test_auth_iteration3.TestMongoIndexes" name="test_users_device_fingerprint" time="0.000" /><testcase classname="backend.tests.test_auth_iteration3.TestMongoIndexes" name="test_sessions_session_token_unique" time="0.000" /><testcase classname="backend.tests.test_auth_iteration3.TestMongoIndexes" name="test_sessions_expires_at_ttl" time="0.001" /><testcase classname="backend.tests.test_auth_iteration3.TestExistingEndpoints" name="test_health" time="0.044" /><testcase classname="backend.tests.test_auth_iteration3.TestExistingEndpoints" name="test_root" time="0.046" /><testcase classname="backend.tests.test_auth_iteration3.TestExistingEndpoints" name="test_subscription_unknown_user" time="0.048" /><testcase classname="backend.tests.test_auth_iteration3.TestExistingEndpoints" name="test_admin_login_wrong_creds" time="0.140" /><testcase classname="backend.tests.test_auth_iteration3.TestExistingEndpoints" name="test_parse_file_csv" time="0.100" /></testsuite></testsuites>