<?xml version="1.0" encoding="utf-8"?><testsuites name="pytest tests"><testsuite name="pytest" errors="0" failures="0" skipped="0" tests="14" time="1.720" timestamp="2026-06-24T20:34:34.290512+00:00" hostname="agent-env-58a09822-3462-43c5-9547-dad93b6973a6"><testcase classname="backend.tests.test_auth_iteration4.TestGoogleSessionFaults" name="test_empty_body_returns_422_missing_session_id" time="0.347" /><testcase classname="backend.tests.test_auth_iteration4.TestGoogleSessionFaults" name="test_short_session_id_returns_422" time="0.057" /><testcase classname="backend.tests.test_auth_iteration4.TestGoogleSessionFaults" name="test_short_session_token_legacy_alias_returns_422" time="0.056" /><testcase classname="backend.tests.test_auth_iteration4.TestGoogleSessionFaults" name="test_invalid_session_id_returns_401_invalid_session_id" time="0.161" /><testcase classname="backend.tests.test_auth_iteration4.TestGoogleSessionFaults" name="test_invalid_session_token_legacy_alias_returns_401" time="0.112" /><testcase classname="backend.tests.test_auth_iteration4.TestAuthMe" name="test_me_without_header_returns_401" time="0.047" /><testcase classname="backend.tests.test_auth_iteration4.TestAuthMe" name="test_me_with_bogus_bearer_returns_401" time="0.161" /><testcase classname="backend.tests.test_auth_iteration4.TestAuthLogout" name="test_logout_no_auth_returns_200" time="0.052" /><testcase classname="backend.tests.test_auth_iteration4.TestAuthLogout" name="test_logout_bogus_bearer_returns_200" time="0.163" /><testcase classname="backend.tests.test_auth_iteration4.TestExistingEndpoints" name="test_health" time="0.048" /><testcase classname="backend.tests.test_auth_iteration4.TestExistingEndpoints" name="test_root" time="0.047" /><testcase classname="backend.tests.test_auth_iteration4.TestExistingEndpoints" name="test_subscription_unknown_user" time="0.052" /><testcase classname="backend.tests.test_auth_iteration4.TestExistingEndpoints" name="test_admin_login_wrong_creds" time="0.178" /><testcase classname="backend.tests.test_auth_iteration4.TestExistingEndpoints" name="test_parse_file_csv" time="0.155" /></testsuite></testsuites>