<?xml version="1.0" encoding="utf-8"?><testsuites name="pytest tests"><testsuite name="pytest" errors="0" failures="0" skipped="0" tests="13" time="2.569" timestamp="2026-06-21T00:14:22.897097+00:00" hostname="agent-env-58a09822-3462-43c5-9547-dad93b6973a6"><testcase classname="backend.tests.test_rota_facil" name="test_root_metadata" time="0.300" /><testcase classname="backend.tests.test_rota_facil" name="test_parse_text_br_and_mlb_codes" time="0.047" /><testcase classname="backend.tests.test_rota_facil" name="test_parse_text_empty" time="0.054" /><testcase classname="backend.tests.test_rota_facil" name="test_parse_file_csv" time="0.116" /><testcase classname="backend.tests.test_rota_facil" name="test_parse_file_txt" time="0.107" /><testcase classname="backend.tests.test_rota_facil" name="test_geocode_batch_sao_paulo" time="1.523" /><testcase classname="backend.tests.test_rota_facil" name="test_optimize_route_nearest_neighbor" time="0.048" /><testcase classname="backend.tests.test_rota_facil" name="test_optimize_route_single_stop" time="0.043" /><testcase classname="backend.tests.test_rota_facil" name="test_pix_generate_structure" time="0.048" /><testcase classname="backend.tests.test_rota_facil" name="test_pix_brcode_emv_compliant" time="0.000" /><testcase classname="backend.tests.test_rota_facil" name="test_pix_confirm_activates_subscription" time="0.115" /><testcase classname="backend.tests.test_rota_facil" name="test_pix_confirm_invalid_txid" time="0.045" /><testcase classname="backend.tests.test_rota_facil" name="test_subscription_unknown_user" time="0.045" /></testsuite></testsuites>