<?xml version="1.0" encoding="utf-8"?><testsuites name="pytest tests"><testsuite name="pytest" errors="0" failures="9" skipped="0" tests="14" time="1.228" timestamp="2026-06-21T16:10:17.587373+00:00" hostname="agent-env-58a09822-3462-43c5-9547-dad93b6973a6"><testcase classname="backend.tests.test_iteration2.TestAdminAuth" name="test_login_success_real_admin" time="0.231" /><testcase classname="backend.tests.test_iteration2.TestAdminAuth" name="test_login_wrong_password_first_two_attempts_401" time="0.003"><failure message="assert 429 == 401&#10; +  where 429 = &lt;Response [429]&gt;.status_code">E   assert 429 == 401
     +  where 429 = &lt;Response [429]&gt;.status_code</failure></testcase><testcase classname="backend.tests.test_iteration2.TestHoneypot" name="test_third_failure_returns_honeypot_jwt" time="0.086"><failure message="AssertionError: expected honeypot 200, got 429: {&quot;detail&quot;:&quot;Muitas tentativas. Aguarde alguns minutos.&quot;}&#10;assert 429 == 200&#10; +  where 429 = &lt;Response [429]&gt;.status_code">E   AssertionError: expected honeypot 200, got 429: {"detail":"Muitas tentativas. Aguarde alguns minutos."}
    assert 429 == 200
     +  where 429 = &lt;Response [429]&gt;.status_code</failure></testcase><testcase classname="backend.tests.test_iteration2.TestHoneypot" name="test_honeypot_pending_payments_returns_fake_with_decoy" time="0.087"><failure message="KeyError: 'access_token'">E   KeyError: 'access_token'</failure></testcase><testcase classname="backend.tests.test_iteration2.TestHoneypot" name="test_real_admin_level_endpoint_returns_404" time="0.003"><failure message="KeyError: 'access_token'">E   KeyError: 'access_token'</failure></testcase><testcase classname="backend.tests.test_iteration2.TestHoneypot" name="test_honeypot_level_returns_fake_with_next_url" time="0.086"><failure message="KeyError: 'access_token'">E   KeyError: 'access_token'</failure></testcase><testcase classname="backend.tests.test_iteration2.TestPixFlow" name="test_pix_generate_includes_whatsapp" time="0.003" /><testcase classname="backend.tests.test_iteration2.TestPixFlow" name="test_submit_payment_sets_pending_approval_not_active" time="0.087" /><testcase classname="backend.tests.test_iteration2.TestPixFlow" name="test_admin_approve_activates_subscription" time="0.087"><failure message="KeyError: 'access_token'">E   KeyError: 'access_token'</failure></testcase><testcase classname="backend.tests.test_iteration2.TestPixFlow" name="test_admin_reject_payment" time="0.087"><failure message="KeyError: 'access_token'">E   KeyError: 'access_token'</failure></testcase><testcase classname="backend.tests.test_iteration2.TestAdminRealData" name="test_pending_payments_real_admin" time="0.003"><failure message="KeyError: 'access_token'">E   KeyError: 'access_token'</failure></testcase><testcase classname="backend.tests.test_iteration2.TestAdminRealData" name="test_audit_logs_persist" time="0.203"><failure message="assert 0 &gt;= 1&#10; +  where 0 = len([])">E   assert 0 &gt;= 1
     +  where 0 = len([])</failure></testcase><testcase classname="backend.tests.test_iteration2.TestHistoryStats" name="test_save_and_get_history" time="0.045" /><testcase classname="backend.tests.test_iteration2.TestHistoryStats" name="test_stats_aggregate_and_badge" time="0.087" /></testsuite></testsuites>